#
# There is insufficient memory for the Java Runtime Environment to continue.
# Native memory allocation (malloc) failed to allocate 32744 bytes for ChunkPool::allocate
# Possible reasons:
#   The system is out of physical RAM or swap space
#   The process is running with CompressedOops enabled, and the Java Heap may be blocking the growth of the native heap
# Possible solutions:
#   Reduce memory load on the system
#   Increase physical memory or swap space
#   Check if swap backing store is full
#   Decrease Java heap size (-Xmx/-Xms)
#   Decrease number of Java threads
#   Decrease Java thread stack sizes (-Xss)
#   Set larger code cache with -XX:ReservedCodeCacheSize=
#   JVM is running with Unscaled Compressed Oops mode in which the Java heap is
#     placed in the first 4GB address space. The Java Heap base address is the
#     maximum limit for the native heap growth. Please use -XX:HeapBaseMinAddress
#     to set the Java Heap base and to place the Java Heap above 4GB virtual address.
# This output file may be truncated or incomplete.
#
#  Out of Memory Error (allocation.cpp:272), pid=1876, tid=0x00000000000050a0
#
# JRE version: Java(TM) SE Runtime Environment (8.0_231-b11) (build 1.8.0_231-b11)
# Java VM: Java HotSpot(TM) 64-Bit Server VM (25.231-b11 mixed mode windows-amd64 compressed oops)
# Failed to write core dump. Minidumps are not enabled by default on client versions of Windows
#

---------------  T H R E A D  ---------------

Current thread (0x00000000196c4000):  JavaThread "C2 CompilerThread0" daemon [_thread_in_native, id=20640, stack(0x0000000019d40000,0x0000000019e40000)]

Stack: [0x0000000019d40000,0x0000000019e40000]
[error occurred during error reporting (printing stack bounds), id 0xc0000005]

Native frames: (J=compiled Java code, j=interpreted, Vv=VM code, C=native code)


Current CompileTask:
C2:  18622 4686       4       com.st.microxplorer.mcu.IP::getParameter (553 bytes)


---------------  P R O C E S S  ---------------

Java Threads: ( => current thread )
  0x0000000025ac5800 JavaThread "TimerQueue" daemon [_thread_blocked, id=4244, stack(0x0000000027ca0000,0x0000000027da0000)]
  0x0000000025aca000 JavaThread "Swing-Shell" daemon [_thread_blocked, id=10080, stack(0x0000000027540000,0x0000000027640000)]
  0x0000000025a6c000 JavaThread "Image Fetcher 1" daemon [_thread_blocked, id=16144, stack(0x0000000026270000,0x0000000026370000)]
  0x0000000025a8c800 JavaThread "Image Fetcher 0" daemon [_thread_blocked, id=19668, stack(0x00000000244c0000,0x00000000245c0000)]
  0x00000000027d1000 JavaThread "DestroyJavaVM" [_thread_blocked, id=20220, stack(0x00000000026d0000,0x00000000027d0000)]
  0x000000001a672000 JavaThread "SplashThread" [_thread_blocked, id=23156, stack(0x0000000024ea0000,0x0000000024fa0000)]
  0x000000001a66e000 JavaThread "AWT-EventQueue-0" [_thread_blocked, id=13120, stack(0x0000000024da0000,0x0000000024ea0000)]
  0x000000001a5d0000 JavaThread "AWT-Windows" daemon [_thread_in_native, id=18044, stack(0x000000001aec0000,0x000000001afc0000)]
  0x000000001a5cf800 JavaThread "AWT-Shutdown" [_thread_blocked, id=18104, stack(0x000000001adc0000,0x000000001aec0000)]
  0x000000001a580000 JavaThread "Java2D Disposer" daemon [_thread_blocked, id=22088, stack(0x000000001abf0000,0x000000001acf0000)]
  0x000000001977b000 JavaThread "Service Thread" daemon [_thread_blocked, id=19232, stack(0x000000001a140000,0x000000001a240000)]
  0x00000000196e6000 JavaThread "C1 CompilerThread3" daemon [_thread_blocked, id=23568, stack(0x000000001a040000,0x000000001a140000)]
  0x00000000196da000 JavaThread "C2 CompilerThread2" daemon [_thread_in_native, id=12444, stack(0x0000000019f40000,0x000000001a040000)]
  0x00000000196d2000 JavaThread "C2 CompilerThread1" daemon [_thread_blocked, id=12448, stack(0x0000000019e40000,0x0000000019f40000)]
=>0x00000000196c4000 JavaThread "C2 CompilerThread0" daemon [_thread_in_native, id=20640, stack(0x0000000019d40000,0x0000000019e40000)]
  0x00000000196c2800 JavaThread "Attach Listener" daemon [_thread_blocked, id=21440, stack(0x0000000019c40000,0x0000000019d40000)]
  0x00000000196c1800 JavaThread "Signal Dispatcher" daemon [_thread_blocked, id=22132, stack(0x0000000019b40000,0x0000000019c40000)]
  0x00000000028ce800 JavaThread "Finalizer" daemon [_thread_blocked, id=22104, stack(0x0000000019a40000,0x0000000019b40000)]
  0x00000000028c7000 JavaThread "Reference Handler" daemon [_thread_blocked, id=14880, stack(0x0000000019540000,0x0000000019640000)]

Other Threads:
  0x000000001777a000 VMThread [stack: 0x0000000019440000,0x0000000019540000] [id=23844]
  0x0000000019785800 WatcherThread [stack: 0x000000001a240000,0x000000001a340000] [id=23512]

VM state:at safepoint (normal execution)

VM Mutex/Monitor currently owned by a thread:  ([mutex/lock_event])
[0x000000000231c7b0] Threads_lock - owner thread: 0x000000001777a000
[0x000000000231c3b0] Heap_lock - owner thread: 0x000000001a66e000

heap address: 0x0000000083000000, size: 2000 MB, Compressed Oops mode: 32-bit
Narrow klass base: 0x0000000000000000, Narrow klass shift: 3
Compressed class space size: 1073741824 Address: 0x0000000100000000

Heap:
 PSYoungGen      total 161280K, used 4491K [0x00000000d6580000, 0x00000000e1300000, 0x0000000100000000)
  eden space 146944K, 0% used [0x00000000d6580000,0x00000000d6580000,0x00000000df500000)
  from space 14336K, 31% used [0x00000000e0300000,0x00000000e0762f20,0x00000000e1100000)
  to   space 14336K, 0% used [0x00000000df500000,0x00000000df500000,0x00000000e0300000)
 ParOldGen       total 69120K, used 35297K [0x0000000083000000, 0x0000000087380000, 0x00000000d6580000)
  object space 69120K, 51% used [0x0000000083000000,0x00000000852785d8,0x0000000087380000)
 Metaspace       used 38105K, capacity 40366K, committed 40704K, reserved 1083392K
  class space    used 4879K, capacity 5876K, committed 5888K, reserved 1048576K

Card table byte_map: [0x0000000011c90000,0x0000000012080000] byte_map_base: 0x0000000011878000

Marking Bits: (ParMarkBitMap*) 0x0000000056a66d90
 Begin Bits: [0x0000000012b20000, 0x0000000014a60000)
 End Bits:   [0x0000000014a60000, 0x00000000169a0000)

Polling page: 0x0000000000610000

CodeCache: size=245760Kb used=14780Kb max_used=14780Kb free=230979Kb
 bounds [0x00000000028d0000, 0x0000000003760000, 0x00000000118d0000]
 total_blobs=4808 nmethods=4164 adapters=553
 compilation: enabled

Compilation events (10 events):
Event: 18.600 Thread 0x00000000196e6000 nmethod 4709 0x0000000003739b50 code [0x0000000003739d80, 0x000000000373aaa8]
Event: 18.600 Thread 0x00000000196e6000 4710       3       com.st.microxplorer.mcu.Pin::hasTwin (13 bytes)
Event: 18.600 Thread 0x00000000196e6000 nmethod 4710 0x000000000373b110 code [0x000000000373b260, 0x000000000373b410]
Event: 18.600 Thread 0x00000000196e6000 4711       3       com.st.microxplorer.mcu.Pin::isReservedPin (10 bytes)
Event: 18.600 Thread 0x00000000196e6000 nmethod 4711 0x000000000373b490 code [0x000000000373b600, 0x000000000373b8d8]
Event: 18.600 Thread 0x00000000196e6000 4712       3       com.st.microxplorer.peripheralpanel.PeripheralTree::updateModes (1162 bytes)
Event: 18.603 Thread 0x00000000196d2000 nmethod 4668 0x0000000003740410 code [0x00000000037406a0, 0x0000000003742450]
Event: 18.603 Thread 0x00000000196d2000 4693       4       java.util.regex.Pattern::group0 (994 bytes)
Event: 18.606 Thread 0x00000000196e6000 nmethod 4712 0x0000000003743f10 code [0x0000000003744bc0, 0x0000000003750888]
Event: 18.606 Thread 0x00000000196e6000 4713   !   3       com.st.microxplorer.mcu.Mode::getDiagnostic (1418 bytes)

GC Heap History (10 events):
Event: 18.175 GC heap after
Heap after GC invocations=24 (full 2):
 PSYoungGen      total 161280K, used 2404K [0x00000000d6580000, 0x00000000e1300000, 0x0000000100000000)
  eden space 146944K, 0% used [0x00000000d6580000,0x00000000d6580000,0x00000000df500000)
  from space 14336K, 16% used [0x00000000e0300000,0x00000000e0559038,0x00000000e1100000)
  to   space 14336K, 0% used [0x00000000df500000,0x00000000df500000,0x00000000e0300000)
 ParOldGen       total 69120K, used 33961K [0x0000000083000000, 0x0000000087380000, 0x00000000d6580000)
  object space 69120K, 49% used [0x0000000083000000,0x000000008512a5b8,0x0000000087380000)
 Metaspace       used 36313K, capacity 38668K, committed 39040K, reserved 1083392K
  class space    used 4634K, capacity 5679K, committed 5760K, reserved 1048576K
}
Event: 18.223 GC heap before
{Heap before GC invocations=25 (full 2):
 PSYoungGen      total 161280K, used 149348K [0x00000000d6580000, 0x00000000e1300000, 0x0000000100000000)
  eden space 146944K, 100% used [0x00000000d6580000,0x00000000df500000,0x00000000df500000)
  from space 14336K, 16% used [0x00000000e0300000,0x00000000e0559038,0x00000000e1100000)
  to   space 14336K, 0% used [0x00000000df500000,0x00000000df500000,0x00000000e0300000)
 ParOldGen       total 69120K, used 33961K [0x0000000083000000, 0x0000000087380000, 0x00000000d6580000)
  object space 69120K, 49% used [0x0000000083000000,0x000000008512a5b8,0x0000000087380000)
 Metaspace       used 36316K, capacity 38668K, committed 39040K, reserved 1083392K
  class space    used 4634K, capacity 5679K, committed 5760K, reserved 1048576K
Event: 18.225 GC heap after
Heap after GC invocations=25 (full 2):
 PSYoungGen      total 161280K, used 320K [0x00000000d6580000, 0x00000000e1300000, 0x0000000100000000)
  eden space 146944K, 0% used [0x00000000d6580000,0x00000000d6580000,0x00000000df500000)
  from space 14336K, 2% used [0x00000000df500000,0x00000000df550000,0x00000000e0300000)
  to   space 14336K, 0% used [0x00000000e0300000,0x00000000e0300000,0x00000000e1100000)
 ParOldGen       total 69120K, used 35209K [0x0000000083000000, 0x0000000087380000, 0x00000000d6580000)
  object space 69120K, 50% used [0x0000000083000000,0x00000000852625d8,0x0000000087380000)
 Metaspace       used 36316K, capacity 38668K, committed 39040K, reserved 1083392K
  class space    used 4634K, capacity 5679K, committed 5760K, reserved 1048576K
}
Event: 18.252 GC heap before
{Heap before GC invocations=26 (full 2):
 PSYoungGen      total 161280K, used 147264K [0x00000000d6580000, 0x00000000e1300000, 0x0000000100000000)
  eden space 146944K, 100% used [0x00000000d6580000,0x00000000df500000,0x00000000df500000)
  from space 14336K, 2% used [0x00000000df500000,0x00000000df550000,0x00000000e0300000)
  to   space 14336K, 0% used [0x00000000e0300000,0x00000000e0300000,0x00000000e1100000)
 ParOldGen       total 69120K, used 35209K [0x0000000083000000, 0x0000000087380000, 0x00000000d6580000)
  object space 69120K, 50% used [0x0000000083000000,0x00000000852625d8,0x0000000087380000)
 Metaspace       used 36317K, capacity 38668K, committed 39040K, reserved 1083392K
  class space    used 4634K, capacity 5679K, committed 5760K, reserved 1048576K
Event: 18.254 GC heap after
Heap after GC invocations=26 (full 2):
 PSYoungGen      total 161280K, used 320K [0x00000000d6580000, 0x00000000e1300000, 0x0000000100000000)
  eden space 146944K, 0% used [0x00000000d6580000,0x00000000d6580000,0x00000000df500000)
  from space 14336K, 2% used [0x00000000e0300000,0x00000000e0350000,0x00000000e1100000)
  to   space 14336K, 0% used [0x00000000df500000,0x00000000df500000,0x00000000e0300000)
 ParOldGen       total 69120K, used 35241K [0x0000000083000000, 0x0000000087380000, 0x00000000d6580000)
  object space 69120K, 50% used [0x0000000083000000,0x000000008526a5d8,0x0000000087380000)
 Metaspace       used 36317K, capacity 38668K, committed 39040K, reserved 1083392K
  class space    used 4634K, capacity 5679K, committed 5760K, reserved 1048576K
}
Event: 18.273 GC heap before
{Heap before GC invocations=27 (full 2):
 PSYoungGen      total 161280K, used 147264K [0x00000000d6580000, 0x00000000e1300000, 0x0000000100000000)
  eden space 146944K, 100% used [0x00000000d6580000,0x00000000df500000,0x00000000df500000)
  from space 14336K, 2% used [0x00000000e0300000,0x00000000e0350000,0x00000000e1100000)
  to   space 14336K, 0% used [0x00000000df500000,0x00000000df500000,0x00000000e0300000)
 ParOldGen       total 69120K, used 35241K [0x0000000083000000, 0x0000000087380000, 0x00000000d6580000)
  object space 69120K, 50% used [0x0000000083000000,0x000000008526a5d8,0x0000000087380000)
 Metaspace       used 36317K, capacity 38668K, committed 39040K, reserved 1083392K
  class space    used 4634K, capacity 5679K, committed 5760K, reserved 1048576K
Event: 18.274 GC heap after
Heap after GC invocations=27 (full 2):
 PSYoungGen      total 161280K, used 384K [0x00000000d6580000, 0x00000000e1300000, 0x0000000100000000)
  eden space 146944K, 0% used [0x00000000d6580000,0x00000000d6580000,0x00000000df500000)
  from space 14336K, 2% used [0x00000000df500000,0x00000000df560000,0x00000000e0300000)
  to   space 14336K, 0% used [0x00000000e0300000,0x00000000e0300000,0x00000000e1100000)
 ParOldGen       total 69120K, used 35281K [0x0000000083000000, 0x0000000087380000, 0x00000000d6580000)
  object space 69120K, 51% used [0x0000000083000000,0x00000000852745d8,0x0000000087380000)
 Metaspace       used 36317K, capacity 38668K, committed 39040K, reserved 1083392K
  class space    used 4634K, capacity 5679K, committed 5760K, reserved 1048576K
}
Event: 18.616 GC heap before
{Heap before GC invocations=28 (full 2):
 PSYoungGen      total 161280K, used 146668K [0x00000000d6580000, 0x00000000e1300000, 0x0000000100000000)
  eden space 146944K, 99% used [0x00000000d6580000,0x00000000df45b3f8,0x00000000df500000)
  from space 14336K, 2% used [0x00000000df500000,0x00000000df560000,0x00000000e0300000)
  to   space 14336K, 0% used [0x00000000e0300000,0x00000000e0300000,0x00000000e1100000)
 ParOldGen       total 69120K, used 35281K [0x0000000083000000, 0x0000000087380000, 0x00000000d6580000)
  object space 69120K, 51% used [0x0000000083000000,0x00000000852745d8,0x0000000087380000)
 Metaspace       used 38105K, capacity 40366K, committed 40704K, reserved 1083392K
  class space    used 4879K, capacity 5876K, committed 5888K, reserved 1048576K
Event: 18.620 GC heap after
Heap after GC invocations=28 (full 2):
 PSYoungGen      total 161280K, used 4491K [0x00000000d6580000, 0x00000000e1300000, 0x0000000100000000)
  eden space 146944K, 0% used [0x00000000d6580000,0x00000000d6580000,0x00000000df500000)
  from space 14336K, 31% used [0x00000000e0300000,0x00000000e0762f20,0x00000000e1100000)
  to   space 14336K, 0% used [0x00000000df500000,0x00000000df500000,0x00000000e0300000)
 ParOldGen       total 69120K, used 35297K [0x0000000083000000, 0x0000000087380000, 0x00000000d6580000)
  object space 69120K, 51% used [0x0000000083000000,0x00000000852785d8,0x0000000087380000)
 Metaspace       used 38105K, capacity 40366K, committed 40704K, reserved 1083392K
  class space    used 4879K, capacity 5876K, committed 5888K, reserved 1048576K
}
Event: 18.620 GC heap before
{Heap before GC invocations=29 (full 3):
 PSYoungGen      total 161280K, used 4491K [0x00000000d6580000, 0x00000000e1300000, 0x0000000100000000)
  eden space 146944K, 0% used [0x00000000d6580000,0x00000000d6580000,0x00000000df500000)
  from space 14336K, 31% used [0x00000000e0300000,0x00000000e0762f20,0x00000000e1100000)
  to   space 14336K, 0% used [0x00000000df500000,0x00000000df500000,0x00000000e0300000)
 ParOldGen       total 69120K, used 35297K [0x0000000083000000, 0x0000000087380000, 0x00000000d6580000)
  object space 69120K, 51% used [0x0000000083000000,0x00000000852785d8,0x0000000087380000)
 Metaspace       used 38105K, capacity 40366K, committed 40704K, reserved 1083392K
  class space    used 4879K, capacity 5876K, committed 5888K, reserved 1048576K

Deoptimization events (10 events):
Event: 18.545 Thread 0x000000001a66e000 Uncommon trap: reason=unstable_if action=reinterpret pc=0x000000000351c558 method=java.util.regex.Pattern.escape(ZZZ)I @ 721
Event: 18.545 Thread 0x000000001a66e000 Uncommon trap: reason=bimorphic action=maybe_recompile pc=0x0000000003554af0 method=java.util.regex.Pattern$Slice.match(Ljava/util/regex/Matcher;ILjava/lang/CharSequence;)Z @ 75
Event: 18.545 Thread 0x000000001a66e000 Uncommon trap: reason=bimorphic action=maybe_recompile pc=0x0000000003554af0 method=java.util.regex.Pattern$Slice.match(Ljava/util/regex/Matcher;ILjava/lang/CharSequence;)Z @ 75
Event: 18.545 Thread 0x000000001a66e000 Uncommon trap: reason=bimorphic action=maybe_recompile pc=0x0000000003554af0 method=java.util.regex.Pattern$Slice.match(Ljava/util/regex/Matcher;ILjava/lang/CharSequence;)Z @ 75
Event: 18.545 Thread 0x000000001a66e000 Uncommon trap: reason=bimorphic action=maybe_recompile pc=0x0000000003554af0 method=java.util.regex.Pattern$Slice.match(Ljava/util/regex/Matcher;ILjava/lang/CharSequence;)Z @ 75
Event: 18.570 Thread 0x000000001a66e000 Uncommon trap: reason=unstable_if action=reinterpret pc=0x0000000002f9d094 method=com.st.microxplorer.mcu.RefParameter.setExist(Ljava/util/List;)V @ 3
Event: 18.609 Thread 0x000000001a66e000 Uncommon trap: reason=bimorphic action=maybe_recompile pc=0x0000000003575af8 method=java.util.regex.Pattern$BranchConn.match(Ljava/util/regex/Matcher;ILjava/lang/CharSequence;)Z @ 7
Event: 18.609 Thread 0x000000001a66e000 Uncommon trap: reason=bimorphic action=maybe_recompile pc=0x0000000003575af8 method=java.util.regex.Pattern$BranchConn.match(Ljava/util/regex/Matcher;ILjava/lang/CharSequence;)Z @ 7
Event: 18.609 Thread 0x000000001a66e000 Uncommon trap: reason=bimorphic action=maybe_recompile pc=0x0000000003575af8 method=java.util.regex.Pattern$BranchConn.match(Ljava/util/regex/Matcher;ILjava/lang/CharSequence;)Z @ 7
Event: 18.609 Thread 0x000000001a66e000 Uncommon trap: reason=unstable_if action=reinterpret pc=0x0000000003387620 method=java.lang.AbstractStringBuilder.append(Ljava/lang/CharSequence;)Ljava/lang/AbstractStringBuilder; @ 13

Classes redefined (0 events):
No events

Internal exceptions (10 events):
Event: 18.111 Thread 0x000000001a66e000 Exception <a 'java/io/IOException'> (0x00000000d92fb510) thrown at [C:\re\workspace\8-2-build-windows-amd64-cygwin\jdk8u231\13620\hotspot\src\share\vm\prims\jni.cpp, line 710]
Event: 18.111 Thread 0x000000001a66e000 Exception <a 'java/io/IOException'> (0x00000000d92fb980) thrown at [C:\re\workspace\8-2-build-windows-amd64-cygwin\jdk8u231\13620\hotspot\src\share\vm\prims\jni.cpp, line 710]
Event: 18.287 Thread 0x000000001a66e000 Exception <a 'java/io/IOException'> (0x00000000d6685950) thrown at [C:\re\workspace\8-2-build-windows-amd64-cygwin\jdk8u231\13620\hotspot\src\share\vm\prims\jni.cpp, line 710]
Event: 18.287 Thread 0x000000001a66e000 Exception <a 'java/io/IOException'> (0x00000000d6685dc0) thrown at [C:\re\workspace\8-2-build-windows-amd64-cygwin\jdk8u231\13620\hotspot\src\share\vm\prims\jni.cpp, line 710]
Event: 18.290 Thread 0x000000001a66e000 Exception <a 'java/io/IOException'> (0x00000000dccb0700) thrown at [C:\re\workspace\8-2-build-windows-amd64-cygwin\jdk8u231\13620\hotspot\src\share\vm\prims\jni.cpp, line 710]
Event: 18.290 Thread 0x000000001a66e000 Exception <a 'java/io/IOException'> (0x00000000dccb0b70) thrown at [C:\re\workspace\8-2-build-windows-amd64-cygwin\jdk8u231\13620\hotspot\src\share\vm\prims\jni.cpp, line 710]
Event: 18.498 Thread 0x000000001a66e000 Exception <a 'java/io/IOException'> (0x00000000dda36a78) thrown at [C:\re\workspace\8-2-build-windows-amd64-cygwin\jdk8u231\13620\hotspot\src\share\vm\prims\jni.cpp, line 710]
Event: 18.498 Thread 0x000000001a66e000 Exception <a 'java/io/IOException'> (0x00000000dda36ee8) thrown at [C:\re\workspace\8-2-build-windows-amd64-cygwin\jdk8u231\13620\hotspot\src\share\vm\prims\jni.cpp, line 710]
Event: 18.500 Thread 0x000000001a66e000 Exception <a 'java/io/IOException'> (0x00000000dda404d8) thrown at [C:\re\workspace\8-2-build-windows-amd64-cygwin\jdk8u231\13620\hotspot\src\share\vm\prims\jni.cpp, line 710]
Event: 18.500 Thread 0x000000001a66e000 Exception <a 'java/io/IOException'> (0x00000000dda40948) thrown at [C:\re\workspace\8-2-build-windows-amd64-cygwin\jdk8u231\13620\hotspot\src\share\vm\prims\jni.cpp, line 710]

Events (10 events):
Event: 18.614 loading class com/st/microxplorer/plugins/clock/gui/ActiveOutputUI$5 done
Event: 18.614 loading class com/st/microxplorer/plugins/clock/utils/NumericTextField
Event: 18.614 loading class com/st/microxplorer/plugins/clock/utils/NumericTextField done
Event: 18.615 loading class com/st/microxplorer/plugins/clock/gui/ActiveOutputUI$7
Event: 18.615 loading class com/st/microxplorer/plugins/clock/gui/ActiveOutputUI$7 done
Event: 18.615 loading class com/st/microxplorer/plugins/clock/gui/ActiveOutputUI$2
Event: 18.615 loading class com/st/microxplorer/plugins/clock/gui/ActiveOutputUI$2 done
Event: 18.616 loading class com/st/microxplorer/stobjects/STRadioButtonFixedSize
Event: 18.616 loading class com/st/microxplorer/stobjects/STRadioButtonFixedSize done
Event: 18.616 Executing VM operation: CollectForMetadataAllocation


Dynamic libraries:
0x00007ff712860000 - 0x00007ff712897000 	D:\Program Files (x86)\Java\bin\javaw.exe
0x00007ffa73b20000 - 0x00007ffa73d10000 	C:\windows\SYSTEM32\ntdll.dll
0x00007ffa72c80000 - 0x00007ffa72d32000 	C:\windows\System32\KERNEL32.DLL
0x00007ffa71400000 - 0x00007ffa716a3000 	C:\windows\System32\KERNELBASE.dll
0x00007ffa72b50000 - 0x00007ffa72bf3000 	C:\windows\System32\ADVAPI32.dll
0x00007ffa73230000 - 0x00007ffa732ce000 	C:\windows\System32\msvcrt.dll
0x00007ffa732d0000 - 0x00007ffa73367000 	C:\windows\System32\sechost.dll
0x00007ffa71eb0000 - 0x00007ffa71fd0000 	C:\windows\System32\RPCRT4.dll
0x00007ffa72400000 - 0x00007ffa72594000 	C:\windows\System32\USER32.dll
0x00007ffa717e0000 - 0x00007ffa71801000 	C:\windows\System32\win32u.dll
0x00007ffa72700000 - 0x00007ffa72726000 	C:\windows\System32\GDI32.dll
0x00007ffa71980000 - 0x00007ffa71b14000 	C:\windows\System32\gdi32full.dll
0x00007ffa71300000 - 0x00007ffa7139e000 	C:\windows\System32\msvcp_win.dll
0x00007ffa716e0000 - 0x00007ffa717da000 	C:\windows\System32\ucrtbase.dll
0x00007ffa5f360000 - 0x00007ffa5f5e5000 	C:\windows\WinSxS\amd64_microsoft.windows.common-controls_6595b64144ccf1df_6.0.18362.535_none_e6c3b34713100821\COMCTL32.dll
0x00007ffa72810000 - 0x00007ffa72b46000 	C:\windows\System32\combase.dll
0x00007ffa71230000 - 0x00007ffa712b0000 	C:\windows\System32\bcryptPrimitives.dll
0x00007ffa723d0000 - 0x00007ffa723fe000 	C:\windows\System32\IMM32.DLL
0x0000000057430000 - 0x0000000057502000 	D:\Program Files (x86)\Java\bin\msvcr100.dll
0x0000000056240000 - 0x0000000056ae6000 	D:\Program Files (x86)\Java\bin\server\jvm.dll
0x00007ffa72c00000 - 0x00007ffa72c08000 	C:\windows\System32\PSAPI.DLL
0x00007ffa60e20000 - 0x00007ffa60e29000 	C:\windows\SYSTEM32\WSOCK32.dll
0x00007ffa69e30000 - 0x00007ffa69e3a000 	C:\windows\SYSTEM32\VERSION.dll
0x00007ffa6c5f0000 - 0x00007ffa6c614000 	C:\windows\SYSTEM32\WINMM.dll
0x00007ffa72360000 - 0x00007ffa723cf000 	C:\windows\System32\WS2_32.dll
0x00007ffa6c5a0000 - 0x00007ffa6c5cd000 	C:\windows\SYSTEM32\WINMMBASE.dll
0x00007ffa712b0000 - 0x00007ffa712fa000 	C:\windows\System32\cfgmgr32.dll
0x00007ffa6bc20000 - 0x00007ffa6bc2f000 	D:\Program Files (x86)\Java\bin\verify.dll
0x00007ffa530f0000 - 0x00007ffa53119000 	D:\Program Files (x86)\Java\bin\java.dll
0x00007ffa69f10000 - 0x00007ffa69f26000 	D:\Program Files (x86)\Java\bin\zip.dll
0x00007ffa733f0000 - 0x00007ffa73ad5000 	C:\windows\System32\SHELL32.dll
0x00007ffa72110000 - 0x00007ffa721b9000 	C:\windows\System32\shcore.dll
0x00007ffa70ab0000 - 0x00007ffa7122f000 	C:\windows\System32\windows.storage.dll
0x00007ffa70a90000 - 0x00007ffa70aaf000 	C:\windows\System32\profapi.dll
0x00007ffa70a20000 - 0x00007ffa70a6a000 	C:\windows\System32\powrprof.dll
0x00007ffa709f0000 - 0x00007ffa70a00000 	C:\windows\System32\UMPDC.dll
0x00007ffa71ca0000 - 0x00007ffa71cf2000 	C:\windows\System32\shlwapi.dll
0x00007ffa70a00000 - 0x00007ffa70a11000 	C:\windows\System32\kernel.appcore.dll
0x00007ffa71960000 - 0x00007ffa71977000 	C:\windows\System32\cryptsp.dll
0x00007ffa4b3a0000 - 0x00007ffa4b53a000 	D:\Program Files (x86)\Java\bin\awt.dll
0x00007ffa71bd0000 - 0x00007ffa71c94000 	C:\windows\System32\OLEAUT32.dll
0x00007ffa6e000000 - 0x00007ffa6e08f000 	C:\windows\SYSTEM32\apphelp.dll
0x00007ffa6efa0000 - 0x00007ffa6efcd000 	C:\windows\system32\DWMAPI.DLL
0x00007ffa6e140000 - 0x00007ffa6e1d9000 	C:\windows\system32\uxtheme.dll
0x00007ffa5efe0000 - 0x00007ffa5f136000 	C:\windows\system32\opengl32.dll
0x00007ffa60850000 - 0x00007ffa6087c000 	C:\windows\SYSTEM32\GLU32.dll
0x00007ffa6f630000 - 0x00007ffa6f650000 	C:\windows\SYSTEM32\dxcore.dll
0x00007ffa71fd0000 - 0x00007ffa72105000 	C:\windows\System32\MSCTF.dll
0x00007ffa725a0000 - 0x00007ffa726f6000 	C:\windows\System32\ole32.dll
0x00007ffa63940000 - 0x00007ffa63b07000 	C:\windows\system32\d3d9.dll
0x00007ffa39080000 - 0x00007ffa3924d000 	C:\windows\System32\DriverStore\FileRepository\iigd_dch.inf_amd64_41c1785fe9c107fc\igdumdim64.dll
0x00007ffa685e0000 - 0x00007ffa68700000 	C:\windows\System32\DriverStore\FileRepository\iigd_dch.inf_amd64_41c1785fe9c107fc\igdgmm64.dll
0x00007ffa35460000 - 0x00007ffa39071000 	C:\windows\System32\DriverStore\FileRepository\iigd_dch.inf_amd64_41c1785fe9c107fc\igd9dxva64.dll
0x00007ffa62470000 - 0x00007ffa6255e000 	C:\windows\System32\DriverStore\FileRepository\nvhm.inf_amd64_3d48c11942a92559\nvldumdx.dll
0x00007ffa71810000 - 0x00007ffa71959000 	C:\windows\System32\crypt32.dll
0x00007ffa70a70000 - 0x00007ffa70a82000 	C:\windows\System32\MSASN1.dll
0x00007ffa713a0000 - 0x00007ffa713fc000 	C:\windows\System32\WINTRUST.DLL
0x00007ffa721c0000 - 0x00007ffa721dd000 	C:\windows\System32\imagehlp.dll
0x00007ffa6fda0000 - 0x00007ffa6fdd3000 	C:\windows\system32\rsaenh.dll
0x00007ffa716b0000 - 0x00007ffa716d6000 	C:\windows\System32\bcrypt.dll
0x00007ffa70400000 - 0x00007ffa7040c000 	C:\windows\SYSTEM32\CRYPTBASE.dll
0x00007ffa33fc0000 - 0x00007ffa3545b000 	C:\windows\System32\DriverStore\FileRepository\nvhm.inf_amd64_3d48c11942a92559\nvd3dumx.dll
0x00007ffa32420000 - 0x00007ffa326e1000 	C:\windows\system32\nvspcap64.dll
0x00007ffa6fa20000 - 0x00007ffa6fa51000 	C:\windows\SYSTEM32\ntmarta.dll
0x00007ffa6f5e0000 - 0x00007ffa6f602000 	C:\windows\SYSTEM32\gpapi.dll
0x00007ffa63360000 - 0x00007ffa6338f000 	C:\windows\SYSTEM32\cryptnet.dll
0x00007ffa70910000 - 0x00007ffa70935000 	C:\windows\SYSTEM32\USERENV.dll
0x00007ffa5b920000 - 0x00007ffa5b93a000 	D:\Program Files (x86)\Java\bin\net.dll
0x00007ffa70230000 - 0x00007ffa70297000 	C:\windows\system32\mswsock.dll
0x00007ffa6ff40000 - 0x00007ffa6ff7a000 	C:\windows\SYSTEM32\IPHLPAPI.DLL
0x00007ffa72c70000 - 0x00007ffa72c78000 	C:\windows\System32\NSI.dll
0x00007ffa68700000 - 0x00007ffa68716000 	C:\windows\SYSTEM32\dhcpcsvc6.DLL
0x00007ffa687d0000 - 0x00007ffa687ec000 	C:\windows\SYSTEM32\dhcpcsvc.DLL
0x00007ffa6ff80000 - 0x00007ffa7004a000 	C:\windows\SYSTEM32\DNSAPI.dll
0x00007ffa5b530000 - 0x00007ffa5b542000 	D:\Program Files (x86)\Java\bin\nio.dll
0x00007ffa4d7f0000 - 0x00007ffa4d839000 	D:\Program Files (x86)\Java\bin\fontmanager.dll
0x00007ffa4d7a0000 - 0x00007ffa4d7e2000 	D:\Program Files (x86)\Java\bin\t2k.dll
0x00007ffa62b90000 - 0x00007ffa62b9a000 	C:\Windows\System32\rasadhlp.dll
0x00007ffa5fe20000 - 0x00007ffa5fe2d000 	D:\Program Files (x86)\Java\bin\management.dll
0x00007ffa465d0000 - 0x00007ffa465e6000 	C:\windows\system32\napinsp.dll
0x00007ffa46570000 - 0x00007ffa4658a000 	C:\windows\system32\pnrpnsp.dll
0x00007ffa5bca0000 - 0x00007ffa5bcae000 	C:\windows\System32\winrnr.dll
0x00007ffa6cab0000 - 0x00007ffa6cacc000 	C:\windows\system32\NLAapi.dll
0x00007ffa49720000 - 0x00007ffa49735000 	C:\windows\system32\wshbth.dll
0x00007ffa64a60000 - 0x00007ffa64ad7000 	C:\windows\System32\fwpuclnt.dll
0x00007ffa62140000 - 0x00007ffa621e9000 	C:\windows\WinSxS\amd64_microsoft.windows.common-controls_6595b64144ccf1df_5.82.18362.535_none_2a26181e466b3888\comctl32.dll
0x00007ffa721e0000 - 0x00007ffa72282000 	C:\windows\System32\clbcatq.dll
0x00007ffa6e770000 - 0x00007ffa6e85f000 	C:\windows\SYSTEM32\PROPSYS.dll
0x00007ffa323d0000 - 0x00007ffa323e6000 	C:\windows\system32\NetworkExplorer.dll
0x00007ffa62120000 - 0x00007ffa6213b000 	C:\windows\SYSTEM32\MPR.dll
0x00007ffa58ca0000 - 0x00007ffa58cab000 	C:\windows\System32\drprov.dll
0x00007ffa6fa90000 - 0x00007ffa6faec000 	C:\windows\System32\WINSTA.dll
0x00007ffa32970000 - 0x00007ffa32985000 	C:\windows\System32\ntlanman.dll
0x00007ffa32400000 - 0x00007ffa3241d000 	C:\windows\System32\davclnt.dll
0x00007ffa323f0000 - 0x00007ffa323fc000 	C:\windows\System32\DAVHLPR.dll
0x00007ffa6c5d0000 - 0x00007ffa6c5e7000 	C:\windows\System32\wkscli.dll
0x00007ffa46550000 - 0x00007ffa46562000 	C:\windows\SYSTEM32\cscapi.dll
0x00007ffa70050000 - 0x00007ffa7005c000 	C:\windows\System32\netutils.dll
0x00007ffa322e0000 - 0x00007ffa32333000 	C:\Windows\System32\dlnashext.dll
0x00007ffa3a050000 - 0x00007ffa3a0b4000 	C:\Windows\System32\PlayToDevice.dll
0x00007ffa62450000 - 0x00007ffa62470000 	C:\Windows\System32\DevDispItemProvider.dll
0x00007ffa640d0000 - 0x00007ffa64142000 	C:\windows\System32\MMDevApi.dll
0x00007ffa707d0000 - 0x00007ffa707fa000 	C:\windows\System32\DEVOBJ.dll
0x00007ffa39fb0000 - 0x00007ffa3a04b000 	C:\windows\system32\wpdshext.dll
0x00007ffa5f600000 - 0x00007ffa5f7a3000 	C:\windows\WinSxS\amd64_microsoft.windows.gdiplus_6595b64144ccf1df_1.1.18362.535_none_17aea62c6da281ef\gdiplus.dll
0x00007ffa69b20000 - 0x00007ffa69bbe000 	C:\Windows\System32\PortableDeviceApi.dll
0x00007ffa72dc0000 - 0x00007ffa73230000 	C:\windows\System32\SETUPAPI.dll
0x00007ffa534a0000 - 0x00007ffa534d7000 	C:\Windows\System32\EhStorShell.dll
0x00007ffa4aa20000 - 0x00007ffa4aa45000 	C:\Windows\System32\EhStorAPI.dll
0x00007ffa6c2a0000 - 0x00007ffa6c2b3000 	C:\Windows\System32\WTSAPI32.dll
0x00007ffa4d760000 - 0x00007ffa4d791000 	D:\Program Files (x86)\Java\bin\jpeg.dll
0x00007ffa6a870000 - 0x00007ffa6aa1f000 	C:\windows\SYSTEM32\WindowsCodecs.dll
0x00007ffa478a0000 - 0x00007ffa478da000 	C:\windows\system32\dataexchange.dll
0x00007ffa6d1e0000 - 0x00007ffa6d43b000 	C:\windows\system32\d3d11.dll
0x00007ffa6d8a0000 - 0x00007ffa6da7b000 	C:\windows\system32\dcomp.dll
0x00007ffa6f6c0000 - 0x00007ffa6f7ab000 	C:\windows\system32\dxgi.dll
0x00007ffa6e8b0000 - 0x00007ffa6eb0a000 	C:\windows\system32\twinapi.appcore.dll
0x00007ffa6eeb0000 - 0x00007ffa6eed9000 	C:\windows\system32\RMCLIENT.dll
0x00007ffa5ee50000 - 0x00007ffa5eeee000 	C:\windows\System32\TextInputFramework.dll
0x00007ffa6ddf0000 - 0x00007ffa6dec4000 	C:\windows\System32\CoreMessaging.dll
0x00007ffa6aad0000 - 0x00007ffa6adfa000 	C:\windows\System32\CoreUIComponents.dll
0x00007ffa6bd60000 - 0x00007ffa6beb3000 	C:\windows\SYSTEM32\wintypes.dll

VM Arguments:
java_command: com.st.microxplorer.maingui.STM32CubeMX D:\lyn_workdata\working\CubeMX\cantest\cantest.ioc
java_class_path (initial): D:\Program Files\STMicroelectronics\STM32Cube\STM32CubeMX\STM32CubeMX.exe;anything
Launcher Type: SUN_STANDARD

Environment Variables:
PATH=D:\Program Files\STMicroelectronics\STM32Cube\STM32CubeMX\;C:\Program Files (x86)\Common Files\Oracle\Java\javapath;C:\windows\system32;C:\windows;C:\windows\System32\Wbem;C:\windows\System32\WindowsPowerShell\v1.0\;C:\windows\System32\OpenSSH\;C:\Program Files (x86)\NVIDIA Corporation\PhysX\Common;C:\Program Files\NVIDIA Corporation\NVIDIA NvDLISR;D:\Program Files\PuTTY\;C:\Users\genius\AppData\Local\Microsoft\WindowsApps;;D:\Program Files (x86)\Java\bin
USERNAME=genius
OS=Windows_NT
PROCESSOR_IDENTIFIER=Intel64 Family 6 Model 158 Stepping 10, GenuineIntel



---------------  S Y S T E M  ---------------

OS: Windows 10.0 , 64 bit Build 18362 (10.0.18362.329)

CPU:total 8 (initial active 8) (4 cores per cpu, 2 threads per core) family 6 model 158 stepping 10, cmov, cx8, fxsr, mmx, sse, sse2, sse3, ssse3, sse4.1, sse4.2, popcnt, avx, avx2, aes, clmul, erms, 3dnowpref, lzcnt, ht, tsc, tscinvbit, bmi1, bmi2, adx

Memory: 4k page, physical 8191228k(544928k free), swap 21303672k(5124k free)

vm_info: Java HotSpot(TM) 64-Bit Server VM (25.231-b11) for windows-amd64 JRE (1.8.0_231-b11), built on Oct  5 2019 03:11:30 by "java_re" with MS VC++ 10.0 (VS2010)

time: Sat Dec 21 20:04:22 2019
timezone: 中国标准时间
elapsed time: 18 seconds (0d 0h 0m 18s)

