JvmtiExport can_access_local_variables 0
JvmtiExport can_hotswap_or_post_breakpoint 0
JvmtiExport can_post_on_exceptions 0
# 306 ciObject found
ciMethod java/lang/Object <init> ()V 4097 1 2149670 0 0
ciMethod java/lang/Object getClass ()Ljava/lang/Class; 3073 1 384 0 -1
ciMethod java/lang/Object hashCode ()I 2049 1 256 0 -1
ciMethod java/lang/Object equals (Ljava/lang/Object;)Z 1033 1 11165 0 -1
ciMethod java/lang/String <init> ([CII)V 2057 1 5476 0 -1
ciMethod java/lang/String isEmpty ()Z 2105 1 54872 0 64
ciMethod java/lang/String equals (Ljava/lang/Object;)Z 2049 8673 13017 0 -1
ciMethod java/lang/String startsWith (Ljava/lang/String;)Z 2249 1 1423162 0 -1
ciMethod java/lang/String hashCode ()I 2881 32769 1234 0 288
ciMethod java/lang/String substring (I)Ljava/lang/String; 1401 1 5321 0 -1
ciMethod java/lang/String contains (Ljava/lang/CharSequence;)Z 2089 1 95479 0 -1
ciMethod java/lang/String replaceFirst (Ljava/lang/String;Ljava/lang/String;)Ljava/lang/String; 3081 1 7046 0 -1
ciMethod java/lang/String replaceAll (Ljava/lang/String;Ljava/lang/String;)Ljava/lang/String; 2049 1 27760 0 -1
ciMethod java/lang/String replace (Ljava/lang/CharSequence;Ljava/lang/CharSequence;)Ljava/lang/String; 1 1 23321 0 -1
ciMethod java/lang/String split (Ljava/lang/String;)[Ljava/lang/String; 2825 1 15030 0 -1
ciMethod java/lang/String toLowerCase ()Ljava/lang/String; 1577 1 22485 0 -1
ciMethod java/lang/System currentTimeMillis ()J 3073 1 384 0 -1
ciMethod java/lang/Thread currentThread ()Ljava/lang/Thread; 2049 1 256 0 -1
ciMethod java/lang/Thread sleep (J)V 33 1 4 0 -1
ciMethod java/lang/AbstractStringBuilder <init> (I)V 689 1 85417 0 -1
ciMethod java/lang/AbstractStringBuilder append (Ljava/lang/String;)Ljava/lang/AbstractStringBuilder; 1249 1 5305 0 -1
ciMethod java/lang/StringBuilder <init> ()V 681 1 75481 0 192
ciMethod java/lang/StringBuilder append (Ljava/lang/String;)Ljava/lang/StringBuilder; 1241 1 105221 0 1024
ciMethod java/lang/StringBuilder append (J)Ljava/lang/StringBuilder; 129 1 19 0 -1
ciMethod java/lang/StringBuilder append (D)Ljava/lang/StringBuilder; 97 1 5191 0 -1
ciMethod java/lang/StringBuilder toString ()Ljava/lang/String; 689 1 62584 0 832
ciMethod sun/misc/Unsafe compareAndSwapInt (Ljava/lang/Object;JII)Z 2049 1 256 0 -1
ciMethod java/lang/Double valueOf (D)Ljava/lang/Double; 1665 1 4551 0 -1
ciMethod java/lang/Double doubleValue ()D 1513 1 19496 0 -1
ciMethod java/lang/Long parseLong (Ljava/lang/String;I)J 2273 3313 499 0 -1
ciMethod java/util/List contains (Ljava/lang/Object;)Z 0 0 1 0 -1
ciMethod java/util/List iterator ()Ljava/util/Iterator; 0 0 1 0 -1
ciMethod java/util/AbstractList <init> ()V 3073 1 1087016 0 32
ciMethod java/util/AbstractCollection <init> ()V 1577 1 1108272 0 0
ciMethod java/util/ArrayList <init> ()V 1449 1 1056746 0 64
ciMethod java/util/ArrayList calculateCapacity ([Ljava/lang/Object;I)I 649 1 110859 0 0
ciMethod java/util/ArrayList ensureCapacityInternal (I)V 649 1 110859 0 576
ciMethod java/util/ArrayList ensureExplicitCapacity (I)V 649 1 110212 0 544
ciMethod java/util/ArrayList grow (I)V 89 1 7221 0 544
ciMethod java/util/ArrayList hugeCapacity (I)I 0 0 1 0 -1
ciMethod java/util/ArrayList contains (Ljava/lang/Object;)Z 4097 1 20288 0 -1
ciMethod java/util/ArrayList add (Ljava/lang/Object;)Z 649 1 101446 0 736
ciMethod java/util/ArrayList iterator ()Ljava/util/Iterator; 3097 1 32993 0 160
ciMethod java/util/ArrayList access$000 (Ljava/util/ArrayList;)I 2033 1 254 0 0
ciMethod java/util/HashMap hash (Ljava/lang/Object;)I 2169 1 39559 0 160
ciMethod java/util/HashMap isEmpty ()Z 2065 1 24225 0 64
ciMethod java/util/HashMap get (Ljava/lang/Object;)Ljava/lang/Object; 2657 1 17054 0 672
ciMethod java/util/HashMap getNode (ILjava/lang/Object;)Ljava/util/HashMap$Node; 3201 49 12878 0 544
ciMethod java/util/HashMap containsKey (Ljava/lang/Object;)Z 113 1 5606 0 640
ciMethod java/util/HashMap put (Ljava/lang/Object;Ljava/lang/Object;)Ljava/lang/Object; 1769 1 9342 0 1248
ciMethod java/util/HashMap putVal (ILjava/lang/Object;Ljava/lang/Object;ZZ)Ljava/lang/Object; 1769 193 5698 0 1120
ciMethod java/util/HashMap resize ()[Ljava/util/HashMap$Node; 305 7897 935 0 -1
ciMethod java/util/HashMap treeifyBin ([Ljava/util/HashMap$Node;I)V 0 0 1 0 -1
ciMethod java/util/HashMap newNode (ILjava/lang/Object;Ljava/lang/Object;Ljava/util/HashMap$Node;)Ljava/util/HashMap$Node; 2113 1 5509 0 224
ciMethod java/util/HashMap afterNodeAccess (Ljava/util/HashMap$Node;)V 3209 1 530 0 0
ciMethod java/util/HashMap afterNodeInsertion (Z)V 2113 1 1290 0 0
ciMethod java/util/HashMap$Node <init> (ILjava/lang/Object;Ljava/lang/Object;Ljava/util/HashMap$Node;)V 2057 1 10948 0 0
ciMethod java/lang/Math max (II)I 137 1 69175 0 -1
ciMethod java/util/Arrays copyOf ([Ljava/lang/Object;I)[Ljava/lang/Object; 2089 1 17898 0 0
ciMethod java/util/Arrays copyOf ([Ljava/lang/Object;ILjava/lang/Class;)[Ljava/lang/Object; 2097 1 9319 0 -1
ciMethodData java/lang/Object <init> ()V 2 2149840 orig 264 104 163 130 86 0 0 0 0 104 4 217 22 0 0 0 0 32 1 0 0 0 0 0 0 0 0 0 0 0 0 0 0 0 0 0 0 0 0 0 0 0 0 0 0 0 0 0 0 0 0 0 0 0 0 0 0 0 0 0 0 0 0 0 0 0 0 0 0 0 0 0 0 0 0 0 0 0 0 0 0 77 68 79 32 101 120 116 114 97 32 100 97 116 97 32 108 111 99 107 0 0 0 0 0 0 0 0 0 0 0 0 0 0 0 0 0 0 0 0 0 0 0 0 0 0 0 0 0 0 0 0 0 0 0 0 0 0 0 0 0 0 0 0 0 0 0 0 0 0 0 0 0 0 0 0 0 0 0 0 0 0 0 0 0 0 0 0 0 0 0 0 0 0 0 0 0 0 0 0 0 0 0 0 0 1 0 0 0 0 0 0 0 1 0 0 0 0 0 0 0 1 0 0 0 0 0 0 0 0 0 0 0 0 0 0 0 0 2 0 0 129 94 6 1 1 0 0 0 0 0 0 0 0 0 0 0 2 0 0 0 0 0 3 0 1 0 0 0 0 0 0 0 255 255 255 255 0 0 0 0 0 0 0 0 data 0 oops 0
ciMethod java/util/Iterator hasNext ()Z 0 0 1 0 -1
ciMethod java/util/Iterator next ()Ljava/lang/Object; 0 0 1 0 -1
ciMethod java/util/HashMap$TreeNode getTreeNode (ILjava/lang/Object;)Ljava/util/HashMap$TreeNode; 0 0 1 0 -1
ciMethod java/util/HashMap$TreeNode putTreeVal (Ljava/util/HashMap;[Ljava/util/HashMap$Node;ILjava/lang/Object;Ljava/lang/Object;)Ljava/util/HashMap$TreeNode; 0 0 1 0 -1
ciMethod java/util/HashMap$TreeNode split (Ljava/util/HashMap;[Ljava/util/HashMap$Node;II)V 0 0 1 0 -1
ciMethodData java/lang/String hashCode ()I 2 20548 orig 264 104 163 130 86 0 0 0 0 40 77 217 22 0 0 0 0 152 1 0 0 32 0 0 0 0 0 0 0 0 0 0 0 0 0 0 0 0 0 0 0 0 0 0 0 0 0 0 0 0 0 0 0 0 0 0 0 0 0 0 0 0 0 0 0 0 0 0 0 0 0 0 0 0 0 0 0 0 0 0 0 77 68 79 32 101 120 116 114 97 32 100 97 116 97 32 108 111 99 107 0 0 0 0 0 0 0 0 0 0 0 0 0 0 0 0 0 0 0 0 0 0 0 0 0 0 0 0 0 0 0 0 0 0 0 0 0 0 0 0 0 0 0 0 0 0 0 0 0 0 0 0 0 0 0 0 0 0 0 0 0 0 0 0 0 0 0 0 0 0 0 0 0 0 0 0 0 0 0 0 0 0 0 0 0 1 0 0 0 0 0 0 0 0 0 0 0 0 0 0 0 1 0 0 0 0 0 0 0 0 0 0 0 0 0 0 0 0 16 0 0 81 27 0 0 33 2 2 0 0 0 0 0 0 0 0 0 2 0 0 0 1 0 11 0 2 0 0 0 120 0 0 0 255 255 255 255 7 0 6 0 0 0 0 0 data 15 0x60007 0x1d9 0x78 0x191 0xe0007 0x1 0x58 0x190 0x1e0007 0x190 0x38 0x4037 0x2d0003 0x4037 0xffffffffffffffe0 oops 0
ciMethod java/util/concurrent/atomic/AtomicBoolean compareAndSet (ZZ)Z 17 1 4529 0 0
ciMethod java/util/concurrent/atomic/AtomicBoolean set (Z)V 2049 1 4740 0 0
ciMethodData java/util/HashMap hash (Ljava/lang/Object;)I 2 39559 orig 264 104 163 130 86 0 0 0 0 104 21 231 22 0 0 0 0 176 1 0 0 32 0 0 0 0 0 0 0 0 0 0 0 0 0 0 0 0 0 0 0 0 0 0 0 0 0 0 0 0 0 0 0 0 0 0 0 0 0 0 0 0 0 0 0 0 0 0 0 0 0 0 0 0 0 0 0 0 0 0 0 77 68 79 32 101 120 116 114 97 32 100 97 116 97 32 108 111 99 107 0 0 0 0 0 0 0 0 0 0 0 0 0 0 0 0 0 0 0 0 0 0 0 0 0 0 0 0 0 0 0 0 0 0 0 0 0 0 0 0 0 0 0 0 0 0 0 0 0 0 0 0 0 0 0 0 0 0 0 0 0 0 0 0 0 0 0 0 0 0 0 0 0 0 0 0 0 0 0 0 0 0 0 0 0 17 0 0 0 0 0 0 0 0 0 0 0 0 0 0 0 0 0 0 0 0 0 0 0 0 0 0 0 0 0 0 0 14 1 0 0 193 203 4 0 1 0 0 0 0 0 0 0 0 0 0 0 2 0 0 0 0 0 6 0 2 0 0 0 104 0 0 0 255 255 255 255 7 0 1 0 0 0 0 0 data 13 0x10007 0x985c 0x38 0x11c 0x50003 0x11c 0x48 0x90005 0x2f02 0x28a51d0 0x66c3 0x2851ef50 0x297 oops 2